2014/09/20 10:17:43 [error] [exception.CException] exception 'CException' with message 'PosController and its behaviors do not have a method or closure named "rederPartial".' in /Applications/MAMP/htdocs/yiipos/framework/base/CComponent.php:266
Stack trace:
#0 /Applications/MAMP/htdocs/yiipos/app/protected/controllers/PosController.php(35): CComponent->__call('rederPartial', Array)
#1 /Applications/MAMP/htdocs/yiipos/app/protected/controllers/PosController.php(35): PosController->rederPartial('//Pos/FormProdu...')
#2 /Applications/MAMP/htdocs/yiipos/framework/web/actions/CInlineAction.php(49): PosController->actionFormProduct()
#3 /Applications/MAMP/htdocs/yiipos/framework/web/CController.php(308): CInlineAction->runWithParams(Array)
#4 /Applications/MAMP/htdocs/yiipos/framework/web/CController.php(286): CController->runAction(Object(CInlineAction))
#5 /Applications/MAMP/htdocs/yiipos/framework/web/CController.php(265): CController->runActionWithFilters(Object(CInlineAction), Array)
#6 /Applications/MAMP/htdocs/yiipos/framework/web/CWebApplication.php(282): CController->run('FormProduct')
#7 /Applications/MAMP/htdocs/yiipos/framework/web/CWebApplication.php(141): CWebApplication->runController('Pos/FormProduct')
#8 /Applications/MAMP/htdocs/yiipos/framework/base/CApplication.php(180): CWebApplication->processRequest()
#9 /Applications/MAMP/htdocs/yiipos/app/index.php(13): CApplication->run()
#10 {main}
REQUEST_URI=/yiipos/app/index.php?r=Pos/FormProduct
HTTP_REFERER=http://localhost/yiipos/app/
---
2014/09/20 10:17:49 [error] [exception.CException] exception 'CException' with message 'PosController and its behaviors do not have a method or closure named "rederPartial".' in /Applications/MAMP/htdocs/yiipos/framework/base/CComponent.php:266
Stack trace:
#0 /Applications/MAMP/htdocs/yiipos/app/protected/controllers/PosController.php(35): CComponent->__call('rederPartial', Array)
#1 /Applications/MAMP/htdocs/yiipos/app/protected/controllers/PosController.php(35): PosController->rederPartial('//Pos/FormProdu...')
#2 /Applications/MAMP/htdocs/yiipos/framework/web/actions/CInlineAction.php(49): PosController->actionFormProduct()
#3 /Applications/MAMP/htdocs/yiipos/framework/web/CController.php(308): CInlineAction->runWithParams(Array)
#4 /Applications/MAMP/htdocs/yiipos/framework/web/CController.php(286): CController->runAction(Object(CInlineAction))
#5 /Applications/MAMP/htdocs/yiipos/framework/web/CController.php(265): CController->runActionWithFilters(Object(CInlineAction), Array)
#6 /Applications/MAMP/htdocs/yiipos/framework/web/CWebApplication.php(282): CController->run('FormProduct')
#7 /Applications/MAMP/htdocs/yiipos/framework/web/CWebApplication.php(141): CWebApplication->runController('Pos/FormProduct')
#8 /Applications/MAMP/htdocs/yiipos/framework/base/CApplication.php(180): CWebApplication->processRequest()
#9 /Applications/MAMP/htdocs/yiipos/app/index.php(13): CApplication->run()
#10 {main}
REQUEST_URI=/yiipos/app/index.php?r=Pos/FormProduct
---
2014/09/20 10:30:20 [error] [php] Undefined index: barcode (/Applications/MAMP/htdocs/yiipos/app/protected/controllers/PosController.php:40)
Stack trace:
#0 /Applications/MAMP/htdocs/yiipos/framework/web/CController.php(286): PosController->runAction()
#1 /Applications/MAMP/htdocs/yiipos/framework/web/CController.php(265): PosController->runActionWithFilters()
#2 /Applications/MAMP/htdocs/yiipos/framework/web/CWebApplication.php(282): PosController->run()
#3 /Applications/MAMP/htdocs/yiipos/framework/web/CWebApplication.php(141): CWebApplication->runController()
#4 /Applications/MAMP/htdocs/yiipos/framework/base/CApplication.php(180): CWebApplication->processRequest()
#5 /Applications/MAMP/htdocs/yiipos/app/index.php(13): CWebApplication->run()
REQUEST_URI=/yiipos/app/index.php?r=Pos/SaveProduct
in /Applications/MAMP/htdocs/yiipos/app/protected/controllers/PosController.php (40)
in /Applications/MAMP/htdocs/yiipos/app/index.php (13)
2014/09/20 10:30:26 [error] [php] Undefined index: barcode (/Applications/MAMP/htdocs/yiipos/app/protected/controllers/PosController.php:40)
Stack trace:
#0 /Applications/MAMP/htdocs/yiipos/framework/web/CController.php(286): PosController->runAction()
#1 /Applications/MAMP/htdocs/yiipos/framework/web/CController.php(265): PosController->runActionWithFilters()
#2 /Applications/MAMP/htdocs/yiipos/framework/web/CWebApplication.php(282): PosController->run()
#3 /Applications/MAMP/htdocs/yiipos/framework/web/CWebApplication.php(141): CWebApplication->runController()
#4 /Applications/MAMP/htdocs/yiipos/framework/base/CApplication.php(180): CWebApplication->processRequest()
#5 /Applications/MAMP/htdocs/yiipos/app/index.php(13): CWebApplication->run()
REQUEST_URI=/yiipos/app/index.php?r=Pos/SaveProduct
in /Applications/MAMP/htdocs/yiipos/app/protected/controllers/PosController.php (40)
in /Applications/MAMP/htdocs/yiipos/app/index.php (13)
2014/09/20 10:50:03 [error] [php] include(CJON.php): failed to open stream: No such file or directory (/Applications/MAMP/htdocs/yiipos/framework/YiiBase.php:427)
Stack trace:
#0 /Applications/MAMP/htdocs/yiipos/app/protected/controllers/PosController.php(50): spl_autoload_call()
#1 /Applications/MAMP/htdocs/yiipos/framework/web/actions/CInlineAction.php(49): PosController->actionDataProduct()
#2 /Applications/MAMP/htdocs/yiipos/framework/web/CController.php(308): CInlineAction->runWithParams()
#3 /Applications/MAMP/htdocs/yiipos/framework/web/CController.php(286): PosController->runAction()
#4 /Applications/MAMP/htdocs/yiipos/framework/web/CController.php(265): PosController->runActionWithFilters()
#5 /Applications/MAMP/htdocs/yiipos/framework/web/CWebApplication.php(282): PosController->run()
#6 /Applications/MAMP/htdocs/yiipos/framework/web/CWebApplication.php(141): CWebApplication->runController()
#7 /Applications/MAMP/htdocs/yiipos/framework/base/CApplication.php(180): CWebApplication->processRequest()
#8 /Applications/MAMP/htdocs/yiipos/app/index.php(13): CWebApplication->run()
REQUEST_URI=/yiipos/app/index.php?r=Pos/DataProduct
in /Applications/MAMP/htdocs/yiipos/app/protected/controllers/PosController.php (50)
in /Applications/MAMP/htdocs/yiipos/app/index.php (13)
2014/09/20 10:50:10 [error] [php] include(CJON.php): failed to open stream: No such file or directory (/Applications/MAMP/htdocs/yiipos/framework/YiiBase.php:427)
Stack trace:
#0 /Applications/MAMP/htdocs/yiipos/app/protected/controllers/PosController.php(50): spl_autoload_call()
#1 /Applications/MAMP/htdocs/yiipos/framework/web/actions/CInlineAction.php(49): PosController->actionDataProduct()
#2 /Applications/MAMP/htdocs/yiipos/framework/web/CController.php(308): CInlineAction->runWithParams()
#3 /Applications/MAMP/htdocs/yiipos/framework/web/CController.php(286): PosController->runAction()
#4 /Applications/MAMP/htdocs/yiipos/framework/web/CController.php(265): PosController->runActionWithFilters()
#5 /Applications/MAMP/htdocs/yiipos/framework/web/CWebApplication.php(282): PosController->run()
#6 /Applications/MAMP/htdocs/yiipos/framework/web/CWebApplication.php(141): CWebApplication->runController()
#7 /Applications/MAMP/htdocs/yiipos/framework/base/CApplication.php(180): CWebApplication->processRequest()
#8 /Applications/MAMP/htdocs/yiipos/app/index.php(13): CWebApplication->run()
REQUEST_URI=/yiipos/app/index.php?r=Pos/DataProduct
in /Applications/MAMP/htdocs/yiipos/app/protected/controllers/PosController.php (50)
in /Applications/MAMP/htdocs/yiipos/app/index.php (13)
2014/09/21 06:26:17 [error] [exception.CException] exception 'CException' with message 'Property "CDbCriteria.criteria" is not defined.' in /Applications/MAMP/htdocs/yiipos/framework/base/CComponent.php:173
Stack trace:
#0 /Applications/MAMP/htdocs/yiipos/framework/db/schema/CDbCriteria.php(160): CComponent->__set('criteria', Array)
#1 /Applications/MAMP/htdocs/yiipos/framework/db/schema/CDbCommandBuilder.php(585): CDbCriteria->__construct(Array)
#2 /Applications/MAMP/htdocs/yiipos/framework/db/ar/CActiveRecord.php(1469): CDbCommandBuilder->createCriteria(Array, Array)
#3 /Applications/MAMP/htdocs/yiipos/app/protected/controllers/PosController.php(98): CActiveRecord->findAll(Array)
#4 /Applications/MAMP/htdocs/yiipos/framework/web/actions/CInlineAction.php(49): PosController->actionSearchProduct()
#5 /Applications/MAMP/htdocs/yiipos/framework/web/CController.php(308): CInlineAction->runWithParams(Array)
#6 /Applications/MAMP/htdocs/yiipos/framework/web/CController.php(286): CController->runAction(Object(CInlineAction))
#7 /Applications/MAMP/htdocs/yiipos/framework/web/CController.php(265): CController->runActionWithFilters(Object(CInlineAction), Array)
#8 /Applications/MAMP/htdocs/yiipos/framework/web/CWebApplication.php(282): CController->run('SearchProduct')
#9 /Applications/MAMP/htdocs/yiipos/framework/web/CWebApplication.php(141): CWebApplication->runController('Pos/SearchProdu...')
#10 /Applications/MAMP/htdocs/yiipos/framework/base/CApplication.php(180): CWebApplication->processRequest()
#11 /Applications/MAMP/htdocs/yiipos/app/index.php(13): CApplication->run()
#12 {main}
REQUEST_URI=/yiipos/app/index.php?r=Pos/SearchProduct&search=i
---
2014/09/21 06:26:28 [error] [system.db.CDbCommand] CDbCommand::fetchAll() failed: SQLSTATE[42000]: Syntax error or access violation: 1064 You have an error in your SQL syntax; check the manual that corresponds to your MySQL server version for the right syntax to use near '%'i'%)
          OR name LIKE(%'i'%)
          OR price_get LIKE(%'i'%)
        ' at line 2. The SQL statement executed was: SELECT * FROM `product` `t` WHERE 
          barcode LIKE(%:search%)
          OR name LIKE(%:search%)
          OR price_get LIKE(%:search%)
          OR price_sale LIKE(%:search%)
        .
in /Applications/MAMP/htdocs/yiipos/app/protected/controllers/PosController.php (96)
in /Applications/MAMP/htdocs/yiipos/app/index.php (13)
2014/09/21 06:26:28 [error] [exception.CDbException] exception 'CDbException' with message 'CDbCommand failed to execute the SQL statement: SQLSTATE[42000]: Syntax error or access violation: 1064 You have an error in your SQL syntax; check the manual that corresponds to your MySQL server version for the right syntax to use near '%'i'%)
          OR name LIKE(%'i'%)
          OR price_get LIKE(%'i'%)
        ' at line 2. The SQL statement executed was: SELECT * FROM `product` `t` WHERE 
          barcode LIKE(%:search%)
          OR name LIKE(%:search%)
          OR price_get LIKE(%:search%)
          OR price_sale LIKE(%:search%)
        ' in /Applications/MAMP/htdocs/yiipos/framework/db/CDbCommand.php:543
Stack trace:
#0 /Applications/MAMP/htdocs/yiipos/framework/db/CDbCommand.php(396): CDbCommand->queryInternal('fetchAll', Array, Array)
#1 /Applications/MAMP/htdocs/yiipos/framework/db/ar/CActiveRecord.php(1351): CDbCommand->queryAll()
#2 /Applications/MAMP/htdocs/yiipos/framework/db/ar/CActiveRecord.php(1470): CActiveRecord->query(Object(CDbCriteria), true)
#3 /Applications/MAMP/htdocs/yiipos/app/protected/controllers/PosController.php(96): CActiveRecord->findAll(Array)
#4 /Applications/MAMP/htdocs/yiipos/framework/web/actions/CInlineAction.php(49): PosController->actionSearchProduct()
#5 /Applications/MAMP/htdocs/yiipos/framework/web/CController.php(308): CInlineAction->runWithParams(Array)
#6 /Applications/MAMP/htdocs/yiipos/framework/web/CController.php(286): CController->runAction(Object(CInlineAction))
#7 /Applications/MAMP/htdocs/yiipos/framework/web/CController.php(265): CController->runActionWithFilters(Object(CInlineAction), Array)
#8 /Applications/MAMP/htdocs/yiipos/framework/web/CWebApplication.php(282): CController->run('SearchProduct')
#9 /Applications/MAMP/htdocs/yiipos/framework/web/CWebApplication.php(141): CWebApplication->runController('Pos/SearchProdu...')
#10 /Applications/MAMP/htdocs/yiipos/framework/base/CApplication.php(180): CWebApplication->processRequest()
#11 /Applications/MAMP/htdocs/yiipos/app/index.php(13): CApplication->run()
#12 {main}
REQUEST_URI=/yiipos/app/index.php?r=Pos/SearchProduct&search=i
---
2014/09/21 08:26:34 [error] [php] Trying to get property of non-object (/Applications/MAMP/htdocs/yiipos/app/protected/views/Pos/DialogProduct.php:5)
Stack trace:
#0 /Applications/MAMP/htdocs/yiipos/framework/web/CController.php(869): PosController->renderFile()
#1 /Applications/MAMP/htdocs/yiipos/app/protected/controllers/PosController.php(91): PosController->renderPartial()
#2 unknown(0): PosController->actionDialogProduct()
#3 /Applications/MAMP/htdocs/yiipos/framework/web/actions/CAction.php(108): ReflectionMethod->invokeArgs()
#4 /Applications/MAMP/htdocs/yiipos/framework/web/actions/CInlineAction.php(47): CInlineAction->runWithParamsInternal()
#5 /Applications/MAMP/htdocs/yiipos/framework/web/CController.php(308): CInlineAction->runWithParams()
#6 /Applications/MAMP/htdocs/yiipos/framework/web/CController.php(286): PosController->runAction()
#7 /Applications/MAMP/htdocs/yiipos/framework/web/CController.php(265): PosController->runActionWithFilters()
#8 /Applications/MAMP/htdocs/yiipos/framework/web/CWebApplication.php(282): PosController->run()
#9 /Applications/MAMP/htdocs/yiipos/framework/web/CWebApplication.php(141): CWebApplication->runController()
#10 /Applications/MAMP/htdocs/yiipos/framework/base/CApplication.php(180): CWebApplication->processRequest()
#11 /Applications/MAMP/htdocs/yiipos/app/index.php(13): CWebApplication->run()
REQUEST_URI=/yiipos/app/index.php?r=Pos/DialogProduct&id=undefined&_=1411280773064
in /Applications/MAMP/htdocs/yiipos/app/protected/views/Pos/DialogProduct.php (5)
in /Applications/MAMP/htdocs/yiipos/app/protected/controllers/PosController.php (91)
in /Applications/MAMP/htdocs/yiipos/app/index.php (13)
2014/09/21 08:27:22 [error] [php] Trying to get property of non-object (/Applications/MAMP/htdocs/yiipos/app/protected/views/Pos/DialogProduct.php:5)
Stack trace:
#0 /Applications/MAMP/htdocs/yiipos/framework/web/CController.php(869): PosController->renderFile()
#1 /Applications/MAMP/htdocs/yiipos/app/protected/controllers/PosController.php(91): PosController->renderPartial()
#2 unknown(0): PosController->actionDialogProduct()
#3 /Applications/MAMP/htdocs/yiipos/framework/web/actions/CAction.php(108): ReflectionMethod->invokeArgs()
#4 /Applications/MAMP/htdocs/yiipos/framework/web/actions/CInlineAction.php(47): CInlineAction->runWithParamsInternal()
#5 /Applications/MAMP/htdocs/yiipos/framework/web/CController.php(308): CInlineAction->runWithParams()
#6 /Applications/MAMP/htdocs/yiipos/framework/web/CController.php(286): PosController->runAction()
#7 /Applications/MAMP/htdocs/yiipos/framework/web/CController.php(265): PosController->runActionWithFilters()
#8 /Applications/MAMP/htdocs/yiipos/framework/web/CWebApplication.php(282): PosController->run()
#9 /Applications/MAMP/htdocs/yiipos/framework/web/CWebApplication.php(141): CWebApplication->runController()
#10 /Applications/MAMP/htdocs/yiipos/framework/base/CApplication.php(180): CWebApplication->processRequest()
#11 /Applications/MAMP/htdocs/yiipos/app/index.php(13): CWebApplication->run()
REQUEST_URI=/yiipos/app/index.php?r=Pos/DialogProduct&id=undefined&_=1411280773065
in /Applications/MAMP/htdocs/yiipos/app/protected/views/Pos/DialogProduct.php (5)
in /Applications/MAMP/htdocs/yiipos/app/protected/controllers/PosController.php (91)
in /Applications/MAMP/htdocs/yiipos/app/index.php (13)
2014/09/21 08:27:28 [error] [php] Trying to get property of non-object (/Applications/MAMP/htdocs/yiipos/app/protected/views/Pos/DialogProduct.php:5)
Stack trace:
#0 /Applications/MAMP/htdocs/yiipos/framework/web/CController.php(869): PosController->renderFile()
#1 /Applications/MAMP/htdocs/yiipos/app/protected/controllers/PosController.php(91): PosController->renderPartial()
#2 unknown(0): PosController->actionDialogProduct()
#3 /Applications/MAMP/htdocs/yiipos/framework/web/actions/CAction.php(108): ReflectionMethod->invokeArgs()
#4 /Applications/MAMP/htdocs/yiipos/framework/web/actions/CInlineAction.php(47): CInlineAction->runWithParamsInternal()
#5 /Applications/MAMP/htdocs/yiipos/framework/web/CController.php(308): CInlineAction->runWithParams()
#6 /Applications/MAMP/htdocs/yiipos/framework/web/CController.php(286): PosController->runAction()
#7 /Applications/MAMP/htdocs/yiipos/framework/web/CController.php(265): PosController->runActionWithFilters()
#8 /Applications/MAMP/htdocs/yiipos/framework/web/CWebApplication.php(282): PosController->run()
#9 /Applications/MAMP/htdocs/yiipos/framework/web/CWebApplication.php(141): CWebApplication->runController()
#10 /Applications/MAMP/htdocs/yiipos/framework/base/CApplication.php(180): CWebApplication->processRequest()
#11 /Applications/MAMP/htdocs/yiipos/app/index.php(13): CWebApplication->run()
REQUEST_URI=/yiipos/app/index.php?r=Pos/DialogProduct&id=undefined&_=1411280773065
in /Applications/MAMP/htdocs/yiipos/app/protected/views/Pos/DialogProduct.php (5)
in /Applications/MAMP/htdocs/yiipos/app/protected/controllers/PosController.php (91)
in /Applications/MAMP/htdocs/yiipos/app/index.php (13)
2014/09/21 11:02:38 [error] [php] Trying to get property of non-object (/Applications/MAMP/htdocs/yiipos/app/protected/controllers/PosController.php:169)
Stack trace:
#0 /Applications/MAMP/htdocs/yiipos/framework/web/CController.php(286): PosController->runAction()
#1 /Applications/MAMP/htdocs/yiipos/framework/web/CController.php(265): PosController->runActionWithFilters()
#2 /Applications/MAMP/htdocs/yiipos/framework/web/CWebApplication.php(282): PosController->run()
#3 /Applications/MAMP/htdocs/yiipos/framework/web/CWebApplication.php(141): CWebApplication->runController()
#4 /Applications/MAMP/htdocs/yiipos/framework/base/CApplication.php(180): CWebApplication->processRequest()
#5 /Applications/MAMP/htdocs/yiipos/app/index.php(13): CWebApplication->run()
REQUEST_URI=/yiipos/app/index.php?r=Pos/SumSale
in /Applications/MAMP/htdocs/yiipos/app/protected/controllers/PosController.php (169)
in /Applications/MAMP/htdocs/yiipos/app/index.php (13)
2014/09/21 11:02:50 [error] [php] Trying to get property of non-object (/Applications/MAMP/htdocs/yiipos/app/protected/controllers/PosController.php:169)
Stack trace:
#0 /Applications/MAMP/htdocs/yiipos/framework/web/CController.php(286): PosController->runAction()
#1 /Applications/MAMP/htdocs/yiipos/framework/web/CController.php(265): PosController->runActionWithFilters()
#2 /Applications/MAMP/htdocs/yiipos/framework/web/CWebApplication.php(282): PosController->run()
#3 /Applications/MAMP/htdocs/yiipos/framework/web/CWebApplication.php(141): CWebApplication->runController()
#4 /Applications/MAMP/htdocs/yiipos/framework/base/CApplication.php(180): CWebApplication->processRequest()
#5 /Applications/MAMP/htdocs/yiipos/app/index.php(13): CWebApplication->run()
REQUEST_URI=/yiipos/app/index.php?r=Pos/SumSale
in /Applications/MAMP/htdocs/yiipos/app/protected/controllers/PosController.php (169)
in /Applications/MAMP/htdocs/yiipos/app/index.php (13)
2014/09/21 11:02:59 [error] [php] Undefined index: tatal_row (/Applications/MAMP/htdocs/yiipos/app/protected/controllers/PosController.php:169)
Stack trace:
#0 /Applications/MAMP/htdocs/yiipos/framework/web/CController.php(286): PosController->runAction()
#1 /Applications/MAMP/htdocs/yiipos/framework/web/CController.php(265): PosController->runActionWithFilters()
#2 /Applications/MAMP/htdocs/yiipos/framework/web/CWebApplication.php(282): PosController->run()
#3 /Applications/MAMP/htdocs/yiipos/framework/web/CWebApplication.php(141): CWebApplication->runController()
#4 /Applications/MAMP/htdocs/yiipos/framework/base/CApplication.php(180): CWebApplication->processRequest()
#5 /Applications/MAMP/htdocs/yiipos/app/index.php(13): CWebApplication->run()
REQUEST_URI=/yiipos/app/index.php?r=Pos/SumSale
in /Applications/MAMP/htdocs/yiipos/app/protected/controllers/PosController.php (169)
in /Applications/MAMP/htdocs/yiipos/app/index.php (13)
2014/09/21 11:24:01 [error] [exception.CException] exception 'CException' with message 'Property "BillSale.created_at" is not defined.' in /Applications/MAMP/htdocs/yiipos/framework/base/CComponent.php:173
Stack trace:
#0 /Applications/MAMP/htdocs/yiipos/framework/db/ar/CActiveRecord.php(161): CComponent->__set('created_at', Object(CDbExpression))
#1 /Applications/MAMP/htdocs/yiipos/app/protected/controllers/PosController.php(186): CActiveRecord->__set('created_at', Object(CDbExpression))
#2 /Applications/MAMP/htdocs/yiipos/framework/web/actions/CInlineAction.php(49): PosController->actionEndSale()
#3 /Applications/MAMP/htdocs/yiipos/framework/web/CController.php(308): CInlineAction->runWithParams(Array)
#4 /Applications/MAMP/htdocs/yiipos/framework/web/CController.php(286): CController->runAction(Object(CInlineAction))
#5 /Applications/MAMP/htdocs/yiipos/framework/web/CController.php(265): CController->runActionWithFilters(Object(CInlineAction), Array)
#6 /Applications/MAMP/htdocs/yiipos/framework/web/CWebApplication.php(282): CController->run('EndSale')
#7 /Applications/MAMP/htdocs/yiipos/framework/web/CWebApplication.php(141): CWebApplication->runController('Pos/EndSale')
#8 /Applications/MAMP/htdocs/yiipos/framework/base/CApplication.php(180): CWebApplication->processRequest()
#9 /Applications/MAMP/htdocs/yiipos/app/index.php(13): CApplication->run()
#10 {main}
REQUEST_URI=/yiipos/app/index.php?r=Pos/EndSale
HTTP_REFERER=http://localhost/yiipos/app/
---
2014/09/21 11:24:06 [error] [exception.CException] exception 'CException' with message 'Property "BillSale.created_at" is not defined.' in /Applications/MAMP/htdocs/yiipos/framework/base/CComponent.php:173
Stack trace:
#0 /Applications/MAMP/htdocs/yiipos/framework/db/ar/CActiveRecord.php(161): CComponent->__set('created_at', Object(CDbExpression))
#1 /Applications/MAMP/htdocs/yiipos/app/protected/controllers/PosController.php(186): CActiveRecord->__set('created_at', Object(CDbExpression))
#2 /Applications/MAMP/htdocs/yiipos/framework/web/actions/CInlineAction.php(49): PosController->actionEndSale()
#3 /Applications/MAMP/htdocs/yiipos/framework/web/CController.php(308): CInlineAction->runWithParams(Array)
#4 /Applications/MAMP/htdocs/yiipos/framework/web/CController.php(286): CController->runAction(Object(CInlineAction))
#5 /Applications/MAMP/htdocs/yiipos/framework/web/CController.php(265): CController->runActionWithFilters(Object(CInlineAction), Array)
#6 /Applications/MAMP/htdocs/yiipos/framework/web/CWebApplication.php(282): CController->run('EndSale')
#7 /Applications/MAMP/htdocs/yiipos/framework/web/CWebApplication.php(141): CWebApplication->runController('Pos/EndSale')
#8 /Applications/MAMP/htdocs/yiipos/framework/base/CApplication.php(180): CWebApplication->processRequest()
#9 /Applications/MAMP/htdocs/yiipos/app/index.php(13): CApplication->run()
#10 {main}
REQUEST_URI=/yiipos/app/index.php?r=Pos/EndSale
---
2014/09/21 11:24:45 [error] [php] Undefined index: id (/Applications/MAMP/htdocs/yiipos/app/protected/controllers/PosController.php:193)
Stack trace:
#0 /Applications/MAMP/htdocs/yiipos/framework/web/CController.php(286): PosController->runAction()
#1 /Applications/MAMP/htdocs/yiipos/framework/web/CController.php(265): PosController->runActionWithFilters()
#2 /Applications/MAMP/htdocs/yiipos/framework/web/CWebApplication.php(282): PosController->run()
#3 /Applications/MAMP/htdocs/yiipos/framework/web/CWebApplication.php(141): CWebApplication->runController()
#4 /Applications/MAMP/htdocs/yiipos/framework/base/CApplication.php(180): CWebApplication->processRequest()
#5 /Applications/MAMP/htdocs/yiipos/app/index.php(13): CWebApplication->run()
REQUEST_URI=/yiipos/app/index.php?r=Pos/EndSale
in /Applications/MAMP/htdocs/yiipos/app/protected/controllers/PosController.php (193)
in /Applications/MAMP/htdocs/yiipos/app/index.php (13)
2014/09/21 11:24:50 [error] [php] Undefined index: id (/Applications/MAMP/htdocs/yiipos/app/protected/controllers/PosController.php:193)
Stack trace:
#0 /Applications/MAMP/htdocs/yiipos/framework/web/CController.php(286): PosController->runAction()
#1 /Applications/MAMP/htdocs/yiipos/framework/web/CController.php(265): PosController->runActionWithFilters()
#2 /Applications/MAMP/htdocs/yiipos/framework/web/CWebApplication.php(282): PosController->run()
#3 /Applications/MAMP/htdocs/yiipos/framework/web/CWebApplication.php(141): CWebApplication->runController()
#4 /Applications/MAMP/htdocs/yiipos/framework/base/CApplication.php(180): CWebApplication->processRequest()
#5 /Applications/MAMP/htdocs/yiipos/app/index.php(13): CWebApplication->run()
REQUEST_URI=/yiipos/app/index.php?r=Pos/EndSale
in /Applications/MAMP/htdocs/yiipos/app/protected/controllers/PosController.php (193)
in /Applications/MAMP/htdocs/yiipos/app/index.php (13)
2016/05/30 20:45:20 [error] [exception.CDbException] exception 'CDbException' with message 'CDbConnection failed to open the DB connection: SQLSTATE[HY000] [1045] Unknown error 1045' in C:\AppServ\www\yiipos\framework\db\CDbConnection.php:382
Stack trace:
#0 C:\AppServ\www\yiipos\framework\db\CDbConnection.php(330): CDbConnection->open()
#1 C:\AppServ\www\yiipos\framework\db\CDbConnection.php(308): CDbConnection->setActive(true)
#2 C:\AppServ\www\yiipos\framework\base\CModule.php(387): CDbConnection->init()
#3 C:\AppServ\www\yiipos\framework\base\CApplication.php(450): CModule->getComponent('db')
#4 C:\AppServ\www\yiipos\framework\db\ar\CActiveRecord.php(634): CApplication->getDb()
#5 C:\AppServ\www\yiipos\framework\db\ar\CActiveRecord.php(667): CActiveRecord->getDbConnection()
#6 C:\AppServ\www\yiipos\framework\db\ar\CActiveRecord.php(1469): CActiveRecord->getCommandBuilder()
#7 C:\AppServ\www\yiipos\app\protected\controllers\PosController.php(67): CActiveRecord->findAll(Array)
#8 C:\AppServ\www\yiipos\framework\web\actions\CInlineAction.php(49): PosController->actionDataProduct()
#9 C:\AppServ\www\yiipos\framework\web\CController.php(308): CInlineAction->runWithParams(Array)
#10 C:\AppServ\www\yiipos\framework\web\CController.php(286): CController->runAction(Object(CInlineAction))
#11 C:\AppServ\www\yiipos\framework\web\CController.php(265): CController->runActionWithFilters(Object(CInlineAction), Array)
#12 C:\AppServ\www\yiipos\framework\web\CWebApplication.php(282): CController->run('DataProduct')
#13 C:\AppServ\www\yiipos\framework\web\CWebApplication.php(141): CWebApplication->runController('Pos/DataProduct')
#14 C:\AppServ\www\yiipos\framework\base\CApplication.php(180): CWebApplication->processRequest()
#15 C:\AppServ\www\yiipos\app\index.php(13): CApplication->run()
#16 {main}
REQUEST_URI=/yiipos/app/index.php?r=Pos/DataProduct
HTTP_REFERER=http://localhost/yiipos/app/
---
2016/05/30 20:45:24 [error] [exception.CDbException] exception 'CDbException' with message 'CDbConnection failed to open the DB connection: SQLSTATE[HY000] [1045] Unknown error 1045' in C:\AppServ\www\yiipos\framework\db\CDbConnection.php:382
Stack trace:
#0 C:\AppServ\www\yiipos\framework\db\CDbConnection.php(330): CDbConnection->open()
#1 C:\AppServ\www\yiipos\framework\db\CDbConnection.php(308): CDbConnection->setActive(true)
#2 C:\AppServ\www\yiipos\framework\base\CModule.php(387): CDbConnection->init()
#3 C:\AppServ\www\yiipos\framework\base\CApplication.php(450): CModule->getComponent('db')
#4 C:\AppServ\www\yiipos\framework\db\ar\CActiveRecord.php(634): CApplication->getDb()
#5 C:\AppServ\www\yiipos\framework\db\ar\CActiveRecord.php(2361): CActiveRecord->getDbConnection()
#6 C:\AppServ\www\yiipos\framework\db\ar\CActiveRecord.php(411): CActiveRecordMetaData->__construct(Object(Product))
#7 C:\AppServ\www\yiipos\framework\db\ar\CActiveRecord.php(79): CActiveRecord->getMetaData()
#8 C:\AppServ\www\yiipos\app\protected\controllers\PosController.php(83): CActiveRecord->__construct()
#9 [internal function]: PosController->actionDialogProduct('undefined')
#10 C:\AppServ\www\yiipos\framework\web\actions\CAction.php(108): ReflectionMethod->invokeArgs(Object(PosController), Array)
#11 C:\AppServ\www\yiipos\framework\web\actions\CInlineAction.php(47): CAction->runWithParamsInternal(Object(PosController), Object(ReflectionMethod), Array)
#12 C:\AppServ\www\yiipos\framework\web\CController.php(308): CInlineAction->runWithParams(Array)
#13 C:\AppServ\www\yiipos\framework\web\CController.php(286): CController->runAction(Object(CInlineAction))
#14 C:\AppServ\www\yiipos\framework\web\CController.php(265): CController->runActionWithFilters(Object(CInlineAction), Array)
#15 C:\AppServ\www\yiipos\framework\web\CWebApplication.php(282): CController->run('DialogProduct')
#16 C:\AppServ\www\yiipos\framework\web\CWebApplication.php(141): CWebApplication->runController('Pos/DialogProdu...')
#17 C:\AppServ\www\yiipos\framework\base\CApplication.php(180): CWebApplication->processRequest()
#18 C:\AppServ\www\yiipos\app\index.php(13): CApplication->run()
#19 {main}
REQUEST_URI=/yiipos/app/index.php?r=Pos/DialogProduct&id=undefined&_=1464641113092
HTTP_REFERER=http://localhost/yiipos/app/
---
